This file contains any messages produced by compilers while
running configure, to aid debugging if configure makes a mistake.

It was created by nesca4 configure 20240115, which was
generated by GNU Autoconf 2.72.  Invocation command line was

  $ ./configure

## --------- ##
## Platform. ##
## --------- ##

hostname = ktotonokto
uname -m = x86_64
uname -r = 6.9.1-arch1-1
uname -s = Linux
uname -v = #1 SMP PREEMPT_DYNAMIC Fri, 17 May 2024 16:56:38 +0000

/usr/bin/uname -p = unknown
/bin/uname -X     = unknown

/bin/arch              = unknown
/usr/bin/arch -k       = unknown
/usr/convex/getsysinfo = unknown
/usr/bin/hostinfo      = unknown
/bin/machine           = unknown
/usr/bin/oslevel       = unknown
/bin/universe          = unknown

PATH: /usr/local/sbin/
PATH: /usr/local/bin/
PATH: /usr/bin/
PATH: /usr/lib/jvm/default/bin/
PATH: /usr/bin/site_perl/
PATH: /usr/bin/vendor_perl/
PATH: /usr/bin/core_perl/


## ----------- ##
## Core tests. ##
## ----------- ##

configure:2449: checking for gcc
configure:2470: found /usr/bin/gcc
configure:2482: result: gcc
configure:2841: checking for C compiler version
configure:2850: gcc --version >&5
gcc (GCC) 14.1.1 20240507
Copyright (C) 2024 Free Software Foundation, Inc.
This is free software; see the source for copying conditions.  There is NO
warranty; not even for MERCHANTABILITY or FITNESS FOR A PARTICULAR PURPOSE.

configure:2861: $? = 0
configure:2850: gcc -v >&5
Using built-in specs.
COLLECT_GCC=gcc
COLLECT_LTO_WRAPPER=/usr/lib/gcc/x86_64-pc-linux-gnu/14.1.1/lto-wrapper
Target: x86_64-pc-linux-gnu
Configured with: /build/gcc/src/gcc/configure --enable-languages=ada,c,c++,d,fortran,go,lto,m2,objc,obj-c++,rust --enable-bootstrap --prefix=/usr --libdir=/usr/lib --libexecdir=/usr/lib --mandir=/usr/share/man --infodir=/usr/share/info --with-bugurl=https://gitlab.archlinux.org/archlinux/packaging/packages/gcc/-/issues --with-build-config=bootstrap-lto --with-linker-hash-style=gnu --with-system-zlib --enable-__cxa_atexit --enable-cet=auto --enable-checking=release --enable-clocale=gnu --enable-default-pie --enable-default-ssp --enable-gnu-indirect-function --enable-gnu-unique-object --enable-libstdcxx-backtrace --enable-link-serialization=1 --enable-linker-build-id --enable-lto --enable-multilib --enable-plugin --enable-shared --enable-threads=posix --disable-libssp --disable-libstdcxx-pch --disable-werror
Thread model: posix
Supported LTO compression algorithms: zlib zstd
gcc version 14.1.1 20240507 (GCC) 
configure:2861: $? = 0
configure:2850: gcc -V >&5
gcc: error: unrecognized command-line option '-V'
gcc: fatal error: no input files
compilation terminated.
configure:2861: $? = 1
configure:2850: gcc -qversion >&5
gcc: error: unrecognized command-line option '-qversion'; did you mean '--version'?
gcc: fatal error: no input files
compilation terminated.
configure:2861: $? = 1
configure:2850: gcc -version >&5
gcc: error: unrecognized command-line option '-version'
gcc: fatal error: no input files
compilation terminated.
configure:2861: $? = 1
configure:2881: checking whether the C compiler works
configure:2903: gcc    conftest.c  >&5
configure:2907: $? = 0
configure:2958: result: yes
configure:2962: checking for C compiler default output file name
configure:2964: result: a.out
configure:2970: checking for suffix of executables
configure:2977: gcc -o conftest    conftest.c  >&5
configure:2981: $? = 0
configure:3005: result: 
configure:3029: checking whether we are cross compiling
configure:3037: gcc -o conftest    conftest.c  >&5
configure:3041: $? = 0
configure:3048: ./conftest
configure:3052: $? = 0
configure:3067: result: no
configure:3073: checking for suffix of object files
configure:3096: gcc -c   conftest.c >&5
configure:3100: $? = 0
configure:3124: result: o
configure:3128: checking whether the compiler supports GNU C
configure:3148: gcc -c   conftest.c >&5
configure:3148: $? = 0
configure:3160: result: yes
configure:3171: checking whether gcc accepts -g
configure:3192: gcc -c -g  conftest.c >&5
configure:3192: $? = 0
configure:3239: result: yes
configure:3259: checking for gcc option to enable C11 features
configure:3274: gcc  -c -g -O2  conftest.c >&5
configure:3274: $? = 0
configure:3293: result: none needed
configure:3481: checking for g++
configure:3502: found /usr/bin/g++
configure:3514: result: g++
configure:3541: checking for C++ compiler version
configure:3550: g++ --version >&5
g++ (GCC) 14.1.1 20240507
Copyright (C) 2024 Free Software Foundation, Inc.
This is free software; see the source for copying conditions.  There is NO
warranty; not even for MERCHANTABILITY or FITNESS FOR A PARTICULAR PURPOSE.

configure:3561: $? = 0
configure:3550: g++ -v >&5
Using built-in specs.
COLLECT_GCC=g++
COLLECT_LTO_WRAPPER=/usr/lib/gcc/x86_64-pc-linux-gnu/14.1.1/lto-wrapper
Target: x86_64-pc-linux-gnu
Configured with: /build/gcc/src/gcc/configure --enable-languages=ada,c,c++,d,fortran,go,lto,m2,objc,obj-c++,rust --enable-bootstrap --prefix=/usr --libdir=/usr/lib --libexecdir=/usr/lib --mandir=/usr/share/man --infodir=/usr/share/info --with-bugurl=https://gitlab.archlinux.org/archlinux/packaging/packages/gcc/-/issues --with-build-config=bootstrap-lto --with-linker-hash-style=gnu --with-system-zlib --enable-__cxa_atexit --enable-cet=auto --enable-checking=release --enable-clocale=gnu --enable-default-pie --enable-default-ssp --enable-gnu-indirect-function --enable-gnu-unique-object --enable-libstdcxx-backtrace --enable-link-serialization=1 --enable-linker-build-id --enable-lto --enable-multilib --enable-plugin --enable-shared --enable-threads=posix --disable-libssp --disable-libstdcxx-pch --disable-werror
Thread model: posix
Supported LTO compression algorithms: zlib zstd
gcc version 14.1.1 20240507 (GCC) 
configure:3561: $? = 0
configure:3550: g++ -V >&5
g++: error: unrecognized command-line option '-V'
g++: fatal error: no input files
compilation terminated.
configure:3561: $? = 1
configure:3550: g++ -qversion >&5
g++: error: unrecognized command-line option '-qversion'; did you mean '--version'?
g++: fatal error: no input files
compilation terminated.
configure:3561: $? = 1
configure:3565: checking whether the compiler supports GNU C++
configure:3585: g++ -c   conftest.cpp >&5
configure:3585: $? = 0
configure:3597: result: yes
configure:3608: checking whether g++ accepts -g
configure:3629: g++ -c -g  conftest.cpp >&5
configure:3629: $? = 0
configure:3676: result: yes
configure:3696: checking for g++ option to enable C++11 features
configure:3711: g++  -c -g -O2  conftest.cpp >&5
conftest.cpp: In function 'int main(int, char**)':
conftest.cpp:175:25: warning: empty parentheses were disambiguated as a function declaration [-Wvexing-parse]
  175 |   cxx11test::delegate d2();
      |                         ^~
conftest.cpp:175:25: note: remove parentheses to default-initialize a variable
  175 |   cxx11test::delegate d2();
      |                         ^~
      |                         --
conftest.cpp:175:25: note: or replace parentheses with braces to value-initialize a variable
configure:3711: $? = 0
configure:3730: result: none needed
configure:3813: checking for library/platform/linux/libcrypto.so.1.1
configure:3829: result: no
configure:3840: checking for library/platform/linux/libdhdvr.so
configure:3856: result: no
configure:3867: checking for library/platform/linux/libdhnetsdk.so
configure:3883: result: no
configure:3894: checking for library/platform/linux/libHCCore.so
configure:3910: result: no
configure:3921: checking for library/platform/linux/libhcnetsdk.so
configure:3937: result: no
configure:3948: checking for library/platform/linux/libhpr.so
configure:3964: result: no
configure:3975: checking for ncsock/build/libncsock.a
configure:3991: result: no
configure:4003: checking for library/HCNetSDK.h
configure:4019: result: no
configure:4030: checking for library/avglobal.h
configure:4046: result: no
configure:4057: checking for library/dhassistant.h
configure:4073: result: yes
configure:4084: checking for library/dhnetsdk.h
configure:4100: result: no
configure:4269: creating ./config.status

## ---------------------- ##
## Running config.status. ##
## ---------------------- ##

This file was extended by nesca4 config.status 20240115, which was
generated by GNU Autoconf 2.72.  Invocation command line was

  CONFIG_FILES    = 
  CONFIG_HEADERS  = 
  CONFIG_LINKS    = 
  CONFIG_COMMANDS = 
  $ ./config.status 

on ktotonokto

config.status:792: creating Makefile
config.status:792: creating config/config.h
config.status:976: executing default commands

## ---------------- ##
## Cache variables. ##
## ---------------- ##

ac_cv_c_compiler_gnu=yes
ac_cv_cxx_compiler_gnu=yes
ac_cv_env_CCC_set=
ac_cv_env_CCC_value=
ac_cv_env_CC_set=
ac_cv_env_CC_value=
ac_cv_env_CFLAGS_set=
ac_cv_env_CFLAGS_value=
ac_cv_env_CPPFLAGS_set=
ac_cv_env_CPPFLAGS_value=
ac_cv_env_CXXFLAGS_set=
ac_cv_env_CXXFLAGS_value=
ac_cv_env_CXX_set=
ac_cv_env_CXX_value=
ac_cv_env_LDFLAGS_set=
ac_cv_env_LDFLAGS_value=
ac_cv_env_LIBS_set=
ac_cv_env_LIBS_value=
ac_cv_env_build_alias_set=
ac_cv_env_build_alias_value=
ac_cv_env_host_alias_set=
ac_cv_env_host_alias_value=
ac_cv_env_target_alias_set=
ac_cv_env_target_alias_value=
ac_cv_file_library_HCNetSDK_h=no
ac_cv_file_library_avglobal_h=no
ac_cv_file_library_dhassistant_h=yes
ac_cv_file_library_dhnetsdk_h=no
ac_cv_file_library_platform_linux_libHCCore_so=no
ac_cv_file_library_platform_linux_libcrypto_so_1_1=no
ac_cv_file_library_platform_linux_libdhdvr_so=no
ac_cv_file_library_platform_linux_libdhnetsdk_so=no
ac_cv_file_library_platform_linux_libhcnetsdk_so=no
ac_cv_file_library_platform_linux_libhpr_so=no
ac_cv_file_ncsock_build_libncsock_a=no
ac_cv_objext=o
ac_cv_prog_ac_ct_CC=gcc
ac_cv_prog_ac_ct_CXX=g++
ac_cv_prog_cc_c11=
ac_cv_prog_cc_g=yes
ac_cv_prog_cc_stdc=
ac_cv_prog_cxx_cxx11=
ac_cv_prog_cxx_g=yes
ac_cv_prog_cxx_stdcxx=

## ----------------- ##
## Output variables. ##
## ----------------- ##

CC='gcc'
CFLAGS='-g -O2'
CPPFLAGS=''
CXX='g++'
CXXFLAGS='-g -O2'
DEFS='-DHAVE_CONFIG_H'
ECHO_C=''
ECHO_N='-n'
ECHO_T=''
EXEEXT=''
HAVE_DVR=''
HAVE_HIKVISION=''
LDFLAGS=''
LIBOBJS=''
LIBS=''
LTLIBOBJS=''
OBJEXT='o'
PACKAGE_BUGREPORT=''
PACKAGE_NAME='nesca4'
PACKAGE_STRING='nesca4 20240115'
PACKAGE_TARNAME='nesca4'
PACKAGE_URL=''
PACKAGE_VERSION='20240115'
PATH_SEPARATOR=':'
SHELL='/bin/sh'
ac_ct_CC='gcc'
ac_ct_CXX='g++'
bindir='${exec_prefix}/bin'
build_alias=''
datadir='${datarootdir}'
datarootdir='${prefix}/share'
docdir='${datarootdir}/doc/${PACKAGE_TARNAME}'
dvidir='${docdir}'
exec_prefix='${prefix}'
host_alias=''
htmldir='${docdir}'
includedir='${prefix}/include'
infodir='${datarootdir}/info'
libdir='${exec_prefix}/lib'
libexecdir='${exec_prefix}/libexec'
localedir='${datarootdir}/locale'
localstatedir='${prefix}/var'
mandir='${datarootdir}/man'
oldincludedir='/usr/include'
pdfdir='${docdir}'
prefix='/usr/local'
program_transform_name='s,x,x,'
psdir='${docdir}'
runstatedir='${localstatedir}/run'
sbindir='${exec_prefix}/sbin'
sharedstatedir='${prefix}/com'
sysconfdir='${prefix}/etc'
target_alias=''

## ----------- ##
## confdefs.h. ##
## ----------- ##

/* confdefs.h */
#define PACKAGE_NAME "nesca4"
#define PACKAGE_TARNAME "nesca4"
#define PACKAGE_VERSION "20240115"
#define PACKAGE_STRING "nesca4 20240115"
#define PACKAGE_BUGREPORT ""
#define PACKAGE_URL ""

configure: exit 0
