This file contains any messages produced by compilers while
running configure, to aid debugging if configure makes a mistake.

It was created by libncsock configure 20240120, which was
generated by GNU Autoconf 2.72.  Invocation command line was

  $ ./configure

## --------- ##
## Platform. ##
## --------- ##

hostname = ktotonokto
uname -m = x86_64
uname -r = 6.9.1-arch1-1
uname -s = Linux
uname -v = #1 SMP PREEMPT_DYNAMIC Fri, 17 May 2024 16:56:38 +0000

/usr/bin/uname -p = unknown
/bin/uname -X     = unknown

/bin/arch              = unknown
/usr/bin/arch -k       = unknown
/usr/convex/getsysinfo = unknown
/usr/bin/hostinfo      = unknown
/bin/machine           = unknown
/usr/bin/oslevel       = unknown
/bin/universe          = unknown

PATH: /usr/local/sbin/
PATH: /usr/local/bin/
PATH: /usr/bin/
PATH: /usr/lib/jvm/default/bin/
PATH: /usr/bin/site_perl/
PATH: /usr/bin/vendor_perl/
PATH: /usr/bin/core_perl/


## ----------- ##
## Core tests. ##
## ----------- ##

configure:2333: checking for gcc
configure:2354: found /usr/bin/gcc
configure:2366: result: gcc
configure:2725: checking for C compiler version
configure:2734: gcc --version >&5
gcc (GCC) 14.1.1 20240507
Copyright (C) 2024 Free Software Foundation, Inc.
This is free software; see the source for copying conditions.  There is NO
warranty; not even for MERCHANTABILITY or FITNESS FOR A PARTICULAR PURPOSE.

configure:2745: $? = 0
configure:2734: gcc -v >&5
Using built-in specs.
COLLECT_GCC=gcc
COLLECT_LTO_WRAPPER=/usr/lib/gcc/x86_64-pc-linux-gnu/14.1.1/lto-wrapper
Target: x86_64-pc-linux-gnu
Configured with: /build/gcc/src/gcc/configure --enable-languages=ada,c,c++,d,fortran,go,lto,m2,objc,obj-c++,rust --enable-bootstrap --prefix=/usr --libdir=/usr/lib --libexecdir=/usr/lib --mandir=/usr/share/man --infodir=/usr/share/info --with-bugurl=https://gitlab.archlinux.org/archlinux/packaging/packages/gcc/-/issues --with-build-config=bootstrap-lto --with-linker-hash-style=gnu --with-system-zlib --enable-__cxa_atexit --enable-cet=auto --enable-checking=release --enable-clocale=gnu --enable-default-pie --enable-default-ssp --enable-gnu-indirect-function --enable-gnu-unique-object --enable-libstdcxx-backtrace --enable-link-serialization=1 --enable-linker-build-id --enable-lto --enable-multilib --enable-plugin --enable-shared --enable-threads=posix --disable-libssp --disable-libstdcxx-pch --disable-werror
Thread model: posix
Supported LTO compression algorithms: zlib zstd
gcc version 14.1.1 20240507 (GCC) 
configure:2745: $? = 0
configure:2734: gcc -V >&5
gcc: error: unrecognized command-line option '-V'
gcc: fatal error: no input files
compilation terminated.
configure:2745: $? = 1
configure:2734: gcc -qversion >&5
gcc: error: unrecognized command-line option '-qversion'; did you mean '--version'?
gcc: fatal error: no input files
compilation terminated.
configure:2745: $? = 1
configure:2734: gcc -version >&5
gcc: error: unrecognized command-line option '-version'
gcc: fatal error: no input files
compilation terminated.
configure:2745: $? = 1
configure:2765: checking whether the C compiler works
configure:2787: gcc    conftest.c  >&5
configure:2791: $? = 0
configure:2842: result: yes
configure:2846: checking for C compiler default output file name
configure:2848: result: a.out
configure:2854: checking for suffix of executables
configure:2861: gcc -o conftest    conftest.c  >&5
configure:2865: $? = 0
configure:2889: result: 
configure:2913: checking whether we are cross compiling
configure:2921: gcc -o conftest    conftest.c  >&5
configure:2925: $? = 0
configure:2932: ./conftest
configure:2936: $? = 0
configure:2951: result: no
configure:2957: checking for suffix of object files
configure:2980: gcc -c   conftest.c >&5
configure:2984: $? = 0
configure:3008: result: o
configure:3012: checking whether the compiler supports GNU C
configure:3032: gcc -c   conftest.c >&5
configure:3032: $? = 0
configure:3044: result: yes
configure:3055: checking whether gcc accepts -g
configure:3076: gcc -c -g  conftest.c >&5
configure:3076: $? = 0
configure:3123: result: yes
configure:3143: checking for gcc option to enable C11 features
configure:3158: gcc  -c -g -O2  conftest.c >&5
configure:3158: $? = 0
configure:3177: result: none needed
configure:3300: checking for stdio.h
configure:3300: gcc -c -g -O2  conftest.c >&5
configure:3300: $? = 0
configure:3300: result: yes
configure:3300: checking for stdlib.h
configure:3300: gcc -c -g -O2  conftest.c >&5
configure:3300: $? = 0
configure:3300: result: yes
configure:3300: checking for string.h
configure:3300: gcc -c -g -O2  conftest.c >&5
configure:3300: $? = 0
configure:3300: result: yes
configure:3300: checking for inttypes.h
configure:3300: gcc -c -g -O2  conftest.c >&5
configure:3300: $? = 0
configure:3300: result: yes
configure:3300: checking for stdint.h
configure:3300: gcc -c -g -O2  conftest.c >&5
configure:3300: $? = 0
configure:3300: result: yes
configure:3300: checking for strings.h
configure:3300: gcc -c -g -O2  conftest.c >&5
configure:3300: $? = 0
configure:3300: result: yes
configure:3300: checking for sys/stat.h
configure:3300: gcc -c -g -O2  conftest.c >&5
configure:3300: $? = 0
configure:3300: result: yes
configure:3300: checking for sys/types.h
configure:3300: gcc -c -g -O2  conftest.c >&5
configure:3300: $? = 0
configure:3300: result: yes
configure:3300: checking for unistd.h
configure:3300: gcc -c -g -O2  conftest.c >&5
configure:3300: $? = 0
configure:3300: result: yes
configure:3325: checking whether byte ordering is bigendian
configure:3341: gcc -c -g -O2  conftest.c >&5
conftest.c:20:16: error: unknown type name 'not'
   20 |                not a universal capable compiler
      |                ^~~
conftest.c:20:22: error: expected '=', ',', ';', 'asm' or '__attribute__' before 'universal'
   20 |                not a universal capable compiler
      |                      ^~~~~~~~~
conftest.c:20:22: error: unknown type name 'universal'
configure:3341: $? = 1
configure: failed program was:
| /* confdefs.h */
| #define PACKAGE_NAME "libncsock"
| #define PACKAGE_TARNAME "libncsock"
| #define PACKAGE_VERSION "20240120"
| #define PACKAGE_STRING "libncsock 20240120"
| #define PACKAGE_BUGREPORT ""
| #define PACKAGE_URL ""
| #define HAVE_STDIO_H 1
| #define HAVE_STDLIB_H 1
| #define HAVE_STRING_H 1
| #define HAVE_INTTYPES_H 1
| #define HAVE_STDINT_H 1
| #define HAVE_STRINGS_H 1
| #define HAVE_SYS_STAT_H 1
| #define HAVE_SYS_TYPES_H 1
| #define HAVE_UNISTD_H 1
| #define STDC_HEADERS 1
| /* end confdefs.h.  */
| #ifndef __APPLE_CC__
| 	       not a universal capable compiler
| 	     #endif
| 	     typedef int dummy;
| 
configure:3387: gcc -c -g -O2  conftest.c >&5
configure:3387: $? = 0
configure:3406: gcc -c -g -O2  conftest.c >&5
conftest.c: In function 'main':
conftest.c:26:18: error: unknown type name 'not'; did you mean 'ino_t'?
   26 |                  not big endian
      |                  ^~~
      |                  ino_t
conftest.c:26:26: error: expected '=', ',', ';', 'asm' or '__attribute__' before 'endian'
   26 |                  not big endian
      |                          ^~~~~~
configure:3406: $? = 1
configure: failed program was:
| /* confdefs.h */
| #define PACKAGE_NAME "libncsock"
| #define PACKAGE_TARNAME "libncsock"
| #define PACKAGE_VERSION "20240120"
| #define PACKAGE_STRING "libncsock 20240120"
| #define PACKAGE_BUGREPORT ""
| #define PACKAGE_URL ""
| #define HAVE_STDIO_H 1
| #define HAVE_STDLIB_H 1
| #define HAVE_STRING_H 1
| #define HAVE_INTTYPES_H 1
| #define HAVE_STDINT_H 1
| #define HAVE_STRINGS_H 1
| #define HAVE_SYS_STAT_H 1
| #define HAVE_SYS_TYPES_H 1
| #define HAVE_UNISTD_H 1
| #define STDC_HEADERS 1
| /* end confdefs.h.  */
| #include <sys/types.h>
| 		#include <sys/param.h>
| 
| int
| main (void)
| {
| #if BYTE_ORDER != BIG_ENDIAN
| 		 not big endian
| 		#endif
| 
|   ;
|   return 0;
| }
configure:3547: result: no
configure:3674: creating ./config.status

## ---------------------- ##
## Running config.status. ##
## ---------------------- ##

This file was extended by libncsock config.status 20240120, which was
generated by GNU Autoconf 2.72.  Invocation command line was

  CONFIG_FILES    = 
  CONFIG_HEADERS  = 
  CONFIG_LINKS    = 
  CONFIG_COMMANDS = 
  $ ./config.status 

on ktotonokto

config.status:791: creating Makefile
config.status:791: creating config.h

## ---------------- ##
## Cache variables. ##
## ---------------- ##

ac_cv_c_bigendian=no
ac_cv_c_compiler_gnu=yes
ac_cv_env_CC_set=
ac_cv_env_CC_value=
ac_cv_env_CFLAGS_set=
ac_cv_env_CFLAGS_value=
ac_cv_env_CPPFLAGS_set=
ac_cv_env_CPPFLAGS_value=
ac_cv_env_LDFLAGS_set=
ac_cv_env_LDFLAGS_value=
ac_cv_env_LIBS_set=
ac_cv_env_LIBS_value=
ac_cv_env_build_alias_set=
ac_cv_env_build_alias_value=
ac_cv_env_host_alias_set=
ac_cv_env_host_alias_value=
ac_cv_env_target_alias_set=
ac_cv_env_target_alias_value=
ac_cv_header_inttypes_h=yes
ac_cv_header_stdint_h=yes
ac_cv_header_stdio_h=yes
ac_cv_header_stdlib_h=yes
ac_cv_header_string_h=yes
ac_cv_header_strings_h=yes
ac_cv_header_sys_stat_h=yes
ac_cv_header_sys_types_h=yes
ac_cv_header_unistd_h=yes
ac_cv_objext=o
ac_cv_prog_ac_ct_CC=gcc
ac_cv_prog_cc_c11=
ac_cv_prog_cc_g=yes
ac_cv_prog_cc_stdc=

## ----------------- ##
## Output variables. ##
## ----------------- ##

CC='gcc'
CFLAGS='-g -O2'
CPPFLAGS=''
DEFS='-DHAVE_CONFIG_H'
ECHO_C=''
ECHO_N='-n'
ECHO_T=''
EXEEXT=''
LDFLAGS=''
LIBOBJS=''
LIBS=''
LTLIBOBJS=''
OBJEXT='o'
PACKAGE_BUGREPORT=''
PACKAGE_NAME='libncsock'
PACKAGE_STRING='libncsock 20240120'
PACKAGE_TARNAME='libncsock'
PACKAGE_URL=''
PACKAGE_VERSION='20240120'
PATH_SEPARATOR=':'
SHELL='/bin/sh'
ac_ct_CC='gcc'
bindir='${exec_prefix}/bin'
build_alias=''
datadir='${datarootdir}'
datarootdir='${prefix}/share'
docdir='${datarootdir}/doc/${PACKAGE_TARNAME}'
dvidir='${docdir}'
exec_prefix='${prefix}'
host_alias=''
htmldir='${docdir}'
includedir='${prefix}/include'
infodir='${datarootdir}/info'
libdir='${exec_prefix}/lib'
libexecdir='${exec_prefix}/libexec'
localedir='${datarootdir}/locale'
localstatedir='${prefix}/var'
mandir='${datarootdir}/man'
oldincludedir='/usr/include'
pdfdir='${docdir}'
prefix='/usr/local'
program_transform_name='s,x,x,'
psdir='${docdir}'
runstatedir='${localstatedir}/run'
sbindir='${exec_prefix}/sbin'
sharedstatedir='${prefix}/com'
sysconfdir='${prefix}/etc'
target_alias=''

## ----------- ##
## confdefs.h. ##
## ----------- ##

/* confdefs.h */
#define PACKAGE_NAME "libncsock"
#define PACKAGE_TARNAME "libncsock"
#define PACKAGE_VERSION "20240120"
#define PACKAGE_STRING "libncsock 20240120"
#define PACKAGE_BUGREPORT ""
#define PACKAGE_URL ""
#define HAVE_STDIO_H 1
#define HAVE_STDLIB_H 1
#define HAVE_STRING_H 1
#define HAVE_INTTYPES_H 1
#define HAVE_STDINT_H 1
#define HAVE_STRINGS_H 1
#define HAVE_SYS_STAT_H 1
#define HAVE_SYS_TYPES_H 1
#define HAVE_UNISTD_H 1
#define STDC_HEADERS 1

configure: exit 0
